2025-03-30 18:22:12 - Current Artist MP3 not found: 'Rav Daniel Langr', Source FILENAME: 'G:\Shiurim\R Daniel Langer\Matza baking and gebrukts R Daniel Langer M.mp3'
2025-03-31 01:32:30 - Current Artist MP3 not found: 'Rav Dovid Aron Gross', Source FILENAME: 'G:\Shiurim\R Dovid Aron Gross\rabbi_dovid aron_gross_meshech-chochma-parashat-vayikra M.mp3'
2025-03-31 08:01:47 - Current Artist MP3 not found: 'Rabbi Yisroel Reisman', Source FILENAME: 'G:\Shiurim\From D\R yisroel reisman\R yisroel Reisman\R Reisman Halacha\hilchos-tumas-kohen-shiur-10-yoreh-deah-3737-9-TD1028307.mp3'
2025-03-31 09:54:17 - Current Artist MP3 not found: 'Rav Yakov Moshe Shurkin', Source FILENAME: 'G:\Shiurim\R Yakov Moshe Shurkin\#42 B'inyan Issurei Na U'mevushal B'korban Pesach U'b'dina D'ein Bishul Achar Bishul.MP3'
2025-03-31 13:26:13 - Current Artist MP3 not found: 'Rav Shmuel Fuerst', Source FILENAME: 'G:\Shiurim\R Shmuel Fuerst Shlita\rabbi_shmuel_fuerst_pesach-important-halachot-of-the-afikomen M.mp3'
2025-03-31 14:24:37 - Current Artist MP3 not found: 'Rav aharon fensterheim', Source FILENAME: 'G:\Shiurim\R Shlomo Alon plus Avodas Karbanos\Shiurim Kohanim Leviim and Yisroelim\21 reb aharon fensterheim- shmiras hamikdash M2.mp3'
2025-03-31 18:15:14 - Current Artist MP3 not found: 'Rav Aron Lopiansky', Source FILENAME: 'G:\Shiurim\R Aron Lopiansky\shiur-153-vayikra-5774 M.mp3'
2025-03-31 18:33:14 - Current Artist MP3 not found: 'Rav Yehudah Jacobs', Source FILENAME: 'G:\Shiurim\R Yehudah Jacobs\R'Yehudah (English) Vaadim-5773-5780\R' Yehudah Pesach\R' Yehuda Pesach Vaad On Aseres Hamakos 5776 M.mp3'
2025-03-31 19:20:37 - Current Artist MP3 not found: 'Rav Gershon Ribner Shlita', Source FILENAME: 'G:\Shiurim\Random Rabanim Temperary Folder\PESACH READY\R gershon ribner pesach M.mp3'
2025-03-31 23:09:45 - Current Artist MP3 not found: 'Rav Dovid Schustal', Source FILENAME: 'G:\Shiurim\R Dovid Schustal Shlita\R' Dovid English Vaadim\R' Dovid English Vaadim 5772\R' Dovid English Vaad Vayak'P  5772 M.mp3'
2025-03-31 23:32:14 - Current Artist MP3 not found: 'R Shushan', Source FILENAME: 'G:\Music\Nigunim and shiurim from C and D\R Shushan\R Shushan Shlita Disk (3)\Odeh LAKEL leivav choker M.mp3'
2025-04-01 01:26:45 - Current Artist MP3 not found: 'Rav Shimon Spitzer', Source FILENAME: 'G:\Shiurim\R Shimon Spitzer\rabbi_shimon_spitzer_simple-easy-ways-to-do-kiruv M.mp3'
2025-04-01 02:12:53 - Current Artist MP3 not found: 'Rav Boruch Goldstein', Source FILENAME: 'G:\Shiurim\R Boruch Goldstein\rabbi_boruch_goldstein_purim-what-every-bitcoin-investor-knows-never-lose-your-security-codes M.mp3'
2025-04-01 03:23:24 - Current Artist MP3 not found: 'Rav Bixenspanner', Source FILENAME: 'G:\Shiurim\R Bixenspanner NOT EDITED MOST HAVE K H IN MIDDLE\History - Purim Spiel in History - Harav Shlomo Yitzchok Bixenspanner - 8 Adar M.mp3'
2025-04-01 04:32:05 - Current Artist MP3 not found: 'Rav Yosef Greenwald', Source FILENAME: 'G:\Shiurim\R Yosef Greenwald\rabbi_yosef_greenwald_lo-sachmod 1 M.mp3'
2025-04-01 06:40:39 - Current Artist MP3 not found: 'R' Yosef Elefant', Source FILENAME: 'G:\Shiurim\From D\R yosef elefant\Aley shur\00_381 Aley Shore M.mp3'
2025-04-01 08:07:19 - Current Artist MP3 not found: 'Rabbi Yisroel Reisman', Source FILENAME: 'G:\Shiurim\From D\R yisroel reisman\R yisroel Reisman\R Reisman Halacha\hilchos-tumas-kohen-shiur-11-yoreh-deah-3741-4-TD1028308.mp3'
2025-04-01 10:06:20 - Current Artist MP3 not found: 'Rav Yakov Moshe Shurkin', Source FILENAME: 'G:\Shiurim\R Yakov Moshe Shurkin\#121 B'dinei Kohanim B'Mikdosh.MP3'
2025-04-01 14:11:36 - Current Artist MP3 not found: 'Rav refoel bistritz', Source FILENAME: 'G:\Shiurim\R Shlomo Alon plus Avodas Karbanos\Shiurim Kohanim Leviim and Yisroelim\17 reb refoel bistritz- merika ushtifa M.mp3'
2025-04-01 15:52:34 - Current Artist MP3 not found: 'Rav Ephraim Wachsmen', Source FILENAME: 'G:\Shiurim\Random Rabanim Temperary Folder\PESACH READY\Pesach Collection\11 R Ephraim Wachsman Pesach 2014 M.mp3'
2025-04-01 21:35:08 - Current Artist MP3 not found: 'Rav Sipper', Source FILENAME: 'G:\Shiurim\R Sipper\20210531 Rabbi Y Sipper Yehoshua shemesh bigivon dom 2 M.mp3'
2025-04-01 23:02:15 - Current Artist MP3 not found: 'Rav Elya Chaim Swordlof', Source FILENAME: 'G:\Shiurim\R Elya Chaim Swordlof\22 Vayikra,Hakaras Hatov-5775 M.mp3'
2025-04-01 23:50:55 - Current Artist MP3 not found: 'Rav Naftali Kopshitz', Source FILENAME: 'G:\Shiurim\R Naftali Kopshitz\026 Parshas Pikudei 5775 M.mp3'
2025-04-02 02:50:59 - Current Artist MP3 not found: 'Rav Bixenspanner', Source FILENAME: 'G:\Shiurim\R Bixenspanner NOT EDITED MOST HAVE K H IN MIDDLE\History - Cleaning for Pesach throughout the Ages - Harav Shlomo Yitzchok Bixenspanner M1.mp3'
2025-04-02 05:13:29 - Current Artist MP3 not found: 'R' Yosef Elefant', Source FILENAME: 'G:\Shiurim\From D\R yosef elefant\Aley shur\00_383 Aley Shore M.mp3'
2025-04-02 05:40:57 - Current Artist MP3 not found: 'Rav Yitzchok Zilberstien', Source FILENAME: 'G:\Shiurim\R Yitzchok Zilberstien Shlita\R yitzchok zilberstien Erev pesach M.mp3'
2025-04-02 06:37:05 - Current Artist MP3 not found: 'Rabbi Yisroel Reisman', Source FILENAME: 'G:\Shiurim\From D\R yisroel reisman\R yisroel Reisman\R Reisman Halacha\hilchos-tumas-kohen-shiur-12-yoreh-deah-3746-TD1028309.mp3'
2025-04-02 08:34:05 - Current Artist MP3 not found: 'R. Michel Twerski', Source FILENAME: 'G:\Music\From Toshiba K\all Music h d\Music Alter\R. Michel Twerski\A Voice on High\I Modeh Ani - RMT.mp3'
2025-04-02 09:55:55 - Current Artist MP3 not found: 'R' Avrohom Asher Makovsky', Source FILENAME: 'G:\Shiurim\R Avrohom Asher Makovsky\Halacha\R' Avrohom Asher Makovsky - Must one eat a kezayis for maror amd koreich M1.mp3'
2025-04-02 13:16:21 - Current Artist MP3 not found: 'R' Yosef Elefant', Source FILENAME: 'G:\Shiurim\From D\R yosef elefant\Yomim Tovim\00_360 Pninim LiPesach Hallel M.mp3'
2025-04-02 16:31:39 - Current Artist MP3 not found: 'Rav kalman krohn', Source FILENAME: 'G:\Shiurim\Random Rabanim Temperary Folder\PESACH READY\R kalman krohn Pesach\R kalman krohn Pesach Lesamach Lev Umlallim nosei beol M.mp3'
2025-04-02 18:33:49 - Current Artist MP3 not found: 'Rav Yechiel Perr', Source FILENAME: 'G:\Shiurim\Random Rabanim Temperary Folder\R Yechiel Perr Erev Pesach 2022 M.mp3'
2025-04-02 19:30:01 - Current Artist MP3 not found: 'Rav Moshe Sorotzkin', Source FILENAME: 'G:\Shiurim\R Moshe Sorotskin\963-Rav Moshe Sorotzkin1 Nissan 5785.mp3'
2025-04-02 23:05:05 - Current Artist MP3 not found: 'Rav Meir Stern', Source FILENAME: 'G:\Shiurim\R Meir Stern\Pesach\Pesach 5778 M.mp3'
2025-04-03 02:33:52 - Current Artist MP3 not found: 'Rav Sipper', Source FILENAME: 'G:\Shiurim\R Sipper\20210524 Rabbi Y Sipper Yehoshua shemesh bigivon dom.mp3'
2025-04-03 06:15:07 - Current Artist MP3 not found: 'Rav Eliyahu Mordechai H'Kohen Richter', Source FILENAME: 'G:\Shiurim\R Eliyahu Mordechai H'Kohen Richter Shlita\Halacha\Pesach\Hilchos Pesach 1.mp3'
2025-04-03 06:31:15 - Current Artist MP3 not found: 'Rav Gershon Ribner Shlita', Source FILENAME: 'G:\Shiurim\Random Rabanim Temperary Folder\PESACH READY\R gershon ribner pesach M.mp3'
2025-04-03 08:32:09 - Current Artist MP3 not found: 'Rav Shlomo Gissinger', Source FILENAME: 'G:\Shiurim\R Shlomo Gissinger & R' Dovid Trenk ZTL\Hilchos Birchas Ilanos\Birchas Ilanos 2 M.mp3'
2025-04-03 09:08:08 - Current Artist MP3 not found: 'Rav Don Segal', Source FILENAME: 'G:\Shiurim\R Don Segal\R' Don Segal 21 Adar 5775 M.mp3'
2025-04-03 09:56:56 - Current Artist MP3 not found: 'Rav Yakov Moshe Shurkin', Source FILENAME: 'G:\Shiurim\R Yakov Moshe Shurkin\#14 B'din Stimas Hashinayim (Fillin''gs Belaa''z) Shebolu Chometz, U'beoid Inyonei Pesach V'seder Leil Pesach.MP3'
2025-04-03 12:52:55 - Current Artist MP3 not found: 'Rav Shmuel Fuerst', Source FILENAME: 'G:\Shiurim\R Shmuel Fuerst Shlita\rabbi_shmuel_fuerst_pesach-should-one-avoid-more-than-72-minutes-between-the-first-2-arba-kosot M.mp3'
2025-04-03 13:47:49 - Current Artist MP3 not found: 'Rav Michel Twerski', Source FILENAME: 'G:\Music\From Toshiba K\all Music h d\Music Alter\R. Michel Twerski\Philharmonic.Experience\07 - Pnu Eilai.mp3'
2025-04-03 13:56:07 - Current Artist MP3 not found: 'Rav refoel bistritz', Source FILENAME: 'G:\Shiurim\R Shlomo Alon plus Avodas Karbanos\Shiurim Kohanim Leviim and Yisroelim\14 reb refoel bistritz- amida al hakorbon achila M1.mp3'
2025-04-03 15:56:43 - Current Artist MP3 not found: 'Rav Chaim Mintz', Source FILENAME: 'G:\Shiurim\R Chaim Mintz\Yamim Tovim\Pesach\23 chashivus hazman chol ham Pesach 5771 M.mp3'
2025-04-03 16:25:23 - Current Artist MP3 not found: 'Rav Kalman Krohn', Source FILENAME: 'G:\Shiurim\Random Rabanim Temperary Folder\PESACH READY\R kalman krohn Pesach\R kalman krohn Hachana Lehagada shel Pesach 2 M.mp3'
2025-04-03 18:20:15 - Current Artist MP3 not found: 'Rav Shimshon Pincus', Source FILENAME: 'G:\Shiurim\R Shimshon Pincus\9 R'_Shimshon_Pincus_Pesach\01_The Seder Night M.mp3'
2025-04-03 18:44:40 - Current Artist MP3 not found: 'Rav Shimshon Pincus', Source FILENAME: 'G:\Shiurim\R Shimshon Pincus\9 R'_Shimshon_Pincus_Pesach\01_The Seder Night M.mp3'
2025-04-03 20:53:37 - Current Artist MP3 not found: 'Rav Eliyahu Mordechai H'Kohen Richter', Source FILENAME: 'G:\Shiurim\R Eliyahu Mordechai H'Kohen Richter Shlita\Halacha\Pesach\Hilchos Pesach 1-6 M.mp3'
2025-04-04 00:32:23 - Current Artist MP3 not found: 'Rav Shimon Spitzer', Source FILENAME: 'G:\Shiurim\R Shimon Spitzer\rabbi_shimon_spitzer_batya-s-hand M.mp3'
2025-04-04 01:24:33 - Current Artist MP3 not found: 'Rav Eliezer Ginsburg', Source FILENAME: 'G:\Shiurim\R Eliezer Ginsburg\rabbi_eliezer_ginsburg_be-strong H.mp3'
2025-04-04 01:37:17 - Current Artist MP3 not found: 'Rav Yosef Greenwald', Source FILENAME: 'G:\Shiurim\R Yosef Greenwald\Zemanei-Hayom-1-Can-we-define-nighttime H.mp3'
2025-04-04 02:10:32 - Current Artist MP3 not found: 'Rav yisroel apelbaum', Source FILENAME: 'G:\Music\From Toshiba K\Backup 5784\Data\R yisroel appelbaum all\R Apelbaum Shlita\rabbi_yisroel_apelbaum_parashat-vayikra-the-little-aleph_23_03_2020.mp3'
2025-04-04 06:39:16 - Current Artist MP3 not found: 'Rav Yosef Greenwald', Source FILENAME: 'G:\Shiurim\R Yosef Greenwald\rabbi_yosef_greenwald_pesachim-62-shechita-as-unique-in-korban-pesach H.mp3'
2025-04-04 07:04:08 - Current Artist MP3 not found: 'Rav Yitzchok Zilberstien', Source FILENAME: 'G:\Shiurim\R Yitzchok Zilberstien Shlita\R yitzchok zilberstien Erev pesach M.mp3'
